Microsoft (R) Help Compiler
HCRTF 4.03.0002
Copyright (c) Microsoft Corp 1990 - 1995. All rights reserved.
netchess.hpj
    HC3037: Warning: D:\avm\avm2\software\NetChess\hlp\NetChess.hm : 
	The map value for "HIDR_MAINFRAME_EXTENDED" is the same as the map value for "HIDR_NETCHETYPE".
    HC1012: Note: topic #18 of D:\avm\avm2\software\NetChess\hlp\.\afxcore.rtf : 
	Table cell borders are not supported.
    HC1012: Note: topic #19 of D:\avm\avm2\software\NetChess\hlp\.\afxcore.rtf : 
	Table cell borders are not supported.
    HC1012: Note: topic #20 of D:\avm\avm2\software\NetChess\hlp\.\afxcore.rtf : 
	Table cell borders are not supported.
    HC1012: Note: topic #21 of D:\avm\avm2\software\NetChess\hlp\.\afxcore.rtf : 
	Table cell borders are not supported.
    HC1012: Note: topic #22 of D:\avm\avm2\software\NetChess\hlp\.\afxcore.rtf : 
	Table cell borders are not supported.
    HC1012: Note: topic #23 of D:\avm\avm2\software\NetChess\hlp\.\afxcore.rtf : 
	Table cell borders are not supported.
    HC1012: Note: topic #24 of D:\avm\avm2\software\NetChess\hlp\.\afxcore.rtf : 
	Table cell borders are not supported.
    HC1012: Note: topic #25 of D:\avm\avm2\software\NetChess\hlp\.\afxcore.rtf : 
	Table cell borders are not supported.
    HC3025: Warning: topic #25 of D:\avm\avm2\software\NetChess\hlp\.\afxcore.rtf : 
	Jump to undefined Topic ID: "HID_HELP_INDEX".
    HC3025: Warning: topic #24 of D:\avm\avm2\software\NetChess\hlp\.\afxcore.rtf : 
	Jump to undefined Topic ID: "ID_VIEW_IMAGE".
    HC3025: Warning: topic #19 of D:\avm\avm2\software\NetChess\hlp\.\afxcore.rtf : 
	Jump to undefined Topic ID: "HID_EDIT_RE".
    HC3025: Warning: topic #19 of D:\avm\avm2\software\NetChess\hlp\.\afxcore.rtf : 
	Jump to undefined Topic ID: "HID_EDIT_COP".
    HC1010: Note: 
	The following mapped Topic IDs were not used in any topic:
	AFX_HIDP_UNREG_DONE
	HID_WINDOW_CASCADE
	AFX_HIDD_NEWTYPEDLG
	HID_SC_NEXTWINDOW
	HIDD_DIALOG_ENGINE_LEVEL
	HID_WINDOW_TILE_HORZ
	HID_WINDOW_TILE_VERT
	AFX_HIDP_GET_NOT_SUPPORTED
	HID_TOOLS_WHITEENGINE_CONFIGURE
	HID_HT_OBJECT
	AFX_HIDP_SQL_BOOKMARKS_NOT_ENABLED
	HID_EDIT_REPEAT
	HID_SC_CLOSE
	HID_FILE_PRINT_PREVIEW
	HID_SC_RESTORE
	AFX_HIDD_PRINTDLG
	HID_RECORD_FIRST
	HID_EDIT_SELECT_ALL
	HID_EDIT_CLEAR
	HID_FILE_UPDATE
	AFX_HIDW_RESIZE_BAR
	AFX_HIDP_SQL_NO_DATA_FOUND
	AFX_HIDP_SQL_EMPTY_COLUMN_LIST
	HID_FILE_SEND_MAIL
	AFX_HIDP_SQL_ODBC_LOAD_FAILED
	HID_VIEW_DEMO
	AFX_HIDP_FAILED_TO_CREATE
	HIDD_DIALOG_DEMO_FEED
	HIDD_DIALOG_DEMO_GOTO
	AFX_HIDD_BUSY
	AFX_HIDD_FIND
	AFX_HIDD_FONT
	HIDD_DIALOG_PICK_PIECE
	HID_TOOLS_ENGINE
	AFX_HIDP_ARCH_NONE
	HID_RECORD_LAST
	HID_RECORD_NEXT
	HID_RECORD_PREV
	HID_EDIT_FIND
	AFX_HIDD_OBJECTPROPERTIES
	HIDD_DIALOG_OPTIONS
	AFX_HIDP_UNREG_FAILURE
	AFX_HIDP_SQL_BOOKMARKS_NOT_SUPPORTED
	HID_EDIT_PREFERENCES
	HID_SHELL_CLOSE
	AFX_HIDP_FILE_TOO_MANY_OPEN
	HIDD_DIALOG_ENTER_MOVE
	AFX_HIDP_SQL_FIELD_NOT_FOUND
	AFX_HIDP_FILE_ACCESS_DENIED
	HID_TOOLS_HISTORY
	HIDD_DIALOG_ENGINE_LOG
	HID_FILE_SAVE_COPY_AS
	AFX_HIDD_CONVERT
	HID_FILE_SAVEHISTORY
	HID_SC_PREVWINDOW
	AFX_HIDP_ASK_TO_DISCARD
	AFX_HIDP_SQL_FIELD_SCHEMA_MISMATCH
	AFX_HIDP_SQL_LOCK_MODE_NOT_SUPPORTED
	HID_FORMAT_FONT
	AFX_HIDP_FILE_HARD_IO
	AFX_HIDD_CHANGESOURCE
	HID_TOOLS_BLACKENGINESETTINGS_BLACKASENGINE
	HID_TOOLS_LEARN
	AFX_HIDP_FILE_NOT_FOUND
	AFX_HIDW_DOCKBAR_TOP
	HID_SC_TASKLIST
	AFX_HIDP_DAO_DFX_BIND
	HID_TOOLS_BLACKENGINE_STOP
	AFX_HIDP_SQL_ODBC_V2_REQUIRED
	AFX_HIDP_SQL_NO_ROWS_AFFECTED
	HID_HELP_INDEX
	HID_OLE_EDIT_CONVERT
	HID_HELP_USING
	AFX_HIDP_SQL_SQL_CONFORMANCE
	HID_TOOLS_PLAYHISTORY
	AFX_HIDD_INSERTOBJECT
	HID_TOOLS_WHITEENGINE_STOP
	AFX_HIDP_SQL_RECORDSET_READONLY
	HIDD_DIALOG_LOST_PIECE
	HIDD_DIALOG_HOWTOPLAY
	AFX_HIDP_PARSE_RADIO_BUTTON
	HID_EDIT_PASTE_SPECIAL
	AFX_HIDP_DAO_ROWTOOSHORT
	HIDD_DIALOG_ICS_CONFIGURE
	HID_SC_MOVE
	HID_SC_SIZE
	AFX_HIDP_SQL_INCORRECT_ODBC
	AFX_HIDP_NO_ERROR_AVAILABLE
	HID_SC_MAXIMIZE
	AFX_HIDW_DOCKBAR_BOTTOM
	HID_PREV_PANE
	HID_EDIT_ENTERMOVE
	AFX_HIDP_FILE_DIR_FULL
	HID_VIEW_KNIGHTSTOUR
	HIDP_SOCKETS_INIT_FAILED
	HID_EDIT_MANUALEDIT_END
	AFX_HIDP_DAO_BADBINDINFO
	AFX_HIDP_SQL_UPDATE_DELETE_FAILED
	AFX_HIDP_PARSE_DATETIME
	HID_VIEW_TOOLBAR
	HID_OLE_EDIT_CHANGE_ICON
	HIDD_DIALOG_COMMENT
	HIDD_DIALOG_CONVERT
	AFX_HIDP_ARCH_ENDOFFILE
	AFX_HIDP_SQL_SQL_NO_TOTAL
	AFX_HIDP_SQL_CONNECT_FAIL
	AFX_HIDP_SQL_API_CONFORMANCE
	HID_OLE_EDIT_PROPERTIES
	AFX_HIDP_FILE_DISKFULL
	HIDD_DIALOG_UCI_OPTIONS
	HID_FILE_SUBMITPGNDATA
	HID_FILE_PAGE_SETUP
	AFX_HIDW_DOCKBAR_LEFT
	AFX_HIDP_FILE_REMOVE_CURRENT
	AFX_HIDP_ARCH_BADCLASS
	AFX_HIDP_SQL_NO_POSITIONED_UPDATES
	HID_OLE_VERB_1
	HID_OLE_VERB_1
	HID_OLE_VERB_1
	HID_OLE_VERB_1
	HID_OLE_VERB_1
	HID_OLE_VERB_1
	HID_OLE_VERB_1
	HID_OLE_VERB_1
	HID_OLE_VERB_1
	HID_OLE_VERB_1
	HID_OLE_VERB_1
	HID_OLE_VERB_1
	HID_OLE_VERB_1
	HID_OLE_VERB_1
	HID_OLE_VERB_1
	HID_OLE_VERB_1
	HID_TOOLS_WHITEENGINE_SETTINGS
	AFX_HIDP_ARCH_BADINDEX
	HID_VIEW_EXTEND
	HIDR_SHELL_MENU
	HID_WIZBACK
	HID_WIZNEXT
	HID_WINDOW_SPLIT
	AFX_HIDP_PARSE_CURRENCY
	HID_VIEW_GAME1
	HID_VIEW_GAME2
	HID_VIEW_GAME3
	HID_VIEW_GAME4
	HID_VIEW_GAME5
	AFX_HIDP_FILE_NONE
	AFX_HIDW_PREVIEW_BAR
	HIDR_NETCHETYPE
	HID_FILE_PRINT_SETUP
	AFX_HIDP_FAILED_TO_CONVERT
	HIDD_DIALOG_GAME_STATE
	HIDD_DIALOG_PROPERTIES
	HID_HELP_FINDER
	HID_TOOLS_BLACKENGINE
	AFX_HIDP_FILE_EOF
	AFX_HIDP_FILE_LOCKING
	AFX_HIDP_SQL_ILLEGAL_MODE
	AFX_HIDD_PREVIEW_TOOLBAR
	HID_WINDOW_ARRANGE
	HIDD_DIALOG_SERVER_INFO
	AFX_HIDP_SQL_NO_CURRENT_RECORD
	HID_SHELL_VIEW
	AFX_HIDP_FILE_BAD_PATH
	AFX_HIDP_FILE_BAD_SEEK
	HIDD_DIALOG_HISTORY
	AFX_HIDP_SQL_ROW_UPDATE_NOT_SUPPORTED
	HID_TOOLS_WHITEONTOP
	AFX_HIDP_FAILED_MAPI_LOAD
	AFX_HIDP_FAILED_MAPI_SEND
	HID_EDIT_REPLACE
	HID_TOOLS_WHITEENGINE_CONFIGURECHESSENGINE
	AFX_HIDP_FILE_SHARING
	HID_FILE_NEW
	HIDD_DIALOG_IMAGE
	HIDD_DIALOG_ACCEPT
	HID_FILE_PRINT_DIRECT
	HIDD_DIALOG_ENGINE_CONFIGURE
	HIDD_DIALOG_ICS_WINDOWS
	HID_FILE_CLOSE
	HID_TOOLS_WHITEENGINESETTINGS_PONDON
	HID_TOOLS_WHITEENGINESETTINGS_PONDOR
	HID_FILE_MRU_FILE1
	HID_FILE_MRU_FILE1
	HID_FILE_MRU_FILE1
	HID_FILE_MRU_FILE1
	HID_FILE_MRU_FILE1
	HID_FILE_MRU_FILE1
	HID_FILE_MRU_FILE1
	HID_FILE_MRU_FILE1
	HID_FILE_MRU_FILE1
	HID_FILE_MRU_FILE1
	HID_FILE_MRU_FILE1
	HID_FILE_MRU_FILE1
	HID_FILE_MRU_FILE1
	HID_FILE_MRU_FILE1
	HID_FILE_MRU_FILE1
	HID_FILE_MRU_FILE1
	AFX_HIDP_DLL_LOAD_FAILED
	AFX_HIDP_SQL_DYNASET_NOT_SUPPORTED
	AFX_HIDD_PRINTSETUP
	AFX_HIDP_SQL_ROW_FETCH
	HID_TOOLS_WHITEENGINESETTINGS_WHITEASENGINE
	HID_VIEW_STATUS_BAR
	AFX_HIDP_SET_NOT_SUPPORTED
	AFX_HIDD_CHANGEICON
	HIDD_DIALOG_GAME_INFO
	AFX_HIDP_DLL_BAD_VERSION
	HIDD_DIALOG_GOTO_PGN_GAME
	HIDD_DIALOG_DEMO_INTERVAL
	AFX_HIDP_ARCH_BADSCHEMA
	HIDD_DIALOG_PGN_DATA
	AFX_HIDD_FILEBROWSE
	HID_WINDOW_ALL
	HID_WINDOW_NEW
	HID_CONTEXT_HELP
	AFX_HIDD_EDITLINKS
	AFX_HIDP_SQL_DATA_TRUNCATED
	HID_TOOLS_BLACKENGINE_CONFIGURE
	HID_HT_HELP
	HID_WIZFINISH
	AFX_HIDP_INVALID_MAPI_DLL
	AFX_HIDD_PREVIEW_SHORTTOOLBAR
	AFX_HIDP_DAO_OBJECT_NOT_OPEN
	AFX_HIDP_ARCH_WRITEONLY
	HID_OLE_EDIT_LINKS
	HIDD_DIALOG_NETCHESS_LOG
	HID_TOOLS_WHITEENGINE
	HIDD_DIALOG_OBSERVERS
	HIDD_DIALOG_MESSAGE
	AFX_HIDP_SQL_MULTIPLE_ROWS_AFFECTED
	AFX_HIDD_COLOR
	HID_EDIT_PASTE_LINK
	HID_NEXT_PANE
	AFX_HIDP_DAO_ENGINE_INITIALIZATION
	AFX_HIDW_DOCKBAR_FLOAT
	HID_FILE_FEED
	AFX_HIDD_PRINT
	AFX_HIDW_DOCKBAR_RIGHT
	AFX_HIDP_PARSE_BYTE
	AFX_HIDP_PARSE_UINT
	AFX_HIDP_ARCH_GENERIC
	HID_TOOLS_BLACKENGINESETTINGS_PONDOR
	AFX_HIDP_SQL_SNAPSHOT_NOT_SUPPORTED
	AFX_HIDD_PASTESPECIAL
	AFX_HIDP_FILE_GENERIC
	AFX_HIDP_FILE_INVALID_FILE
	HID_HT_CLOSE
	HID_EDIT_CLEAR_ALL
	AFX_HIDP_ARCH_READONLY
	AFX_HIDP_SQL_RECORDSET_FORWARD_ONLY
	HID_OLE_INSERT_NEW
	HID_EDIT_CUT
	AFX_HIDP_SQL_DYNAMIC_CURSOR_NOT_SUPPORTED
	AFX_HIDP_DAO_COLUMNUNAVAILABLE
	AFX_HIDD_REPLACE
	HID_HELP_CONTENTSANDINDEX
	HID_EDIT_SETBOARD
    HC2002: Note: 
	The keywords "Engine console" and "Engine Console" are identical except for case. Help Workshop has modified one keyword to match the other.
    HC2002: Note: 
	The keywords "Move now" and "Move Now" are identical except for case. Help Workshop has modified one keyword to match the other.
124	Topics
124	Jumps
99	Keywords
26	Bitmaps

Created D:\avm\avm2\software\NetChess\hlp\NetChess.fts, 98,304 bytes
Created D:\avm\avm2\software\NetChess\hlp\NetChess.HLP, 157,688 bytes
Bitmaps: 92,420 bytes
Hall+Zeck compression decreased help file by 44,028 bytes.
Compile time: 0 minutes, 8 seconds
11 notes, 5 warnings
